<?xml version="1.0" encoding="UTF-8"?>
<!-- Generated by org.testng.reporters.JUnitXMLReporter -->
<testsuite hostname="QA-ErickS" ignored="0" name="TestApps" tests="4" failures="4" timestamp="16 May 2019 17:36:02 GMT" time="161.996" errors="0">
  <testcase name="Test" time="36.938" classname="androidTest.TestApp">
    <failure type="java.lang.NullPointerException">
      <![CDATA[java.lang.NullPointerException
at androidTest.HomePage.executeCalcular(HomePage.java:25)
at androidTest.HomePage.executeCalcularButton(HomePage.java:30)
at androidTest.TestApp.Test(TestApp.java:19)
... Removed 29 stack frames]]>
    </failure>
  </testcase> <!-- Test -->
  <testcase name="Test1" time="36.636" classname="androidTest.TestApp">
    <failure type="java.lang.NullPointerException">
      <![CDATA[java.lang.NullPointerException
at androidTest.HomePage.executeCalcular(HomePage.java:25)
at androidTest.HomePage.executeCalcularButton(HomePage.java:30)
at androidTest.TestApp.Test1(TestApp.java:30)
... Removed 29 stack frames]]>
    </failure>
  </testcase> <!-- Test1 -->
  <testcase name="Test2" time="43.41" classname="androidTest.TestApp">
    <failure type="java.lang.NullPointerException">
      <![CDATA[java.lang.NullPointerException
at androidTest.HomePage.executeCalcular(HomePage.java:25)
at androidTest.HomePage.executeCalcularButton(HomePage.java:30)
at androidTest.TestApp.Test2(TestApp.java:41)
... Removed 29 stack frames]]>
    </failure>
  </testcase> <!-- Test2 -->
  <testcase name="Test3" time="40.293" classname="androidTest.TestApp">
    <failure type="java.lang.NullPointerException">
      <![CDATA[java.lang.NullPointerException
at androidTest.HomePage.executeCalcular(HomePage.java:25)
at androidTest.HomePage.executeCalcularButton(HomePage.java:30)
at androidTest.TestApp.Test3(TestApp.java:55)
... Removed 29 stack frames]]>
    </failure>
  </testcase> <!-- Test3 -->
</testsuite> <!-- TestApps -->
