<?xml version="1.0" encoding="UTF-8"?>
<testsuite xmlns:xsi="http://www.w3.org/2001/XMLSchema-instance" xsi:noNamespaceSchemaLocation="https://maven.apache.org/surefire/maven-surefire-plugin/xsd/surefire-test-report.xsd" name="TestSuite" time="163.095" tests="4" errors="0" skipped="0" failures="4">
  <properties>
[...]
</properties>
  <testcase name="Test" classname="androidTest.TestApp" time="36.948">
    <failure type="java.lang.NullPointerException">java.lang.NullPointerException
	at androidTest.TestApp.Test(TestApp.java:19)
</failure>
    <system-err><![CDATA[May 16, 2019 12:33:52 PM io.appium.java_client.remote.AppiumCommandExecutor$1 lambda$0
INFO: Detected dialect: W3C
]]></system-err>
  </testcase>
  <testcase name="Test1" classname="androidTest.TestApp" time="36.635">
    <failure type="java.lang.NullPointerException">java.lang.NullPointerException
	at androidTest.TestApp.Test1(TestApp.java:30)
</failure>
    <system-err><![CDATA[May 16, 2019 12:34:28 PM io.appium.java_client.remote.AppiumCommandExecutor$1 lambda$0
INFO: Detected dialect: W3C
]]></system-err>
  </testcase>
  <testcase name="Test2" classname="androidTest.TestApp" time="43.41">
    <failure type="java.lang.NullPointerException">java.lang.NullPointerException
	at androidTest.TestApp.Test2(TestApp.java:41)
</failure>
    <system-err><![CDATA[May 16, 2019 12:35:12 PM io.appium.java_client.remote.AppiumCommandExecutor$1 lambda$0
INFO: Detected dialect: W3C
]]></system-err>
  </testcase>
  <testcase name="Test3" classname="androidTest.TestApp" time="40.294">
    <failure type="java.lang.NullPointerException">java.lang.NullPointerException
	at androidTest.TestApp.Test3(TestApp.java:55)
</failure>
    <system-err><![CDATA[May 16, 2019 12:35:52 PM io.appium.java_client.remote.AppiumCommandExecutor$1 lambda$0
INFO: Detected dialect: W3C
]]></system-err>
  </testcase>
</testsuite>